[ 2013-05-23T16:56:44+08:00 ] / | ERR: (ThinkException) 无法加载模块Index
[ 2013-05-23T16:58:28+08:00 ] / | ERR: (ThinkException) 无法加载模块Index
[ 2013-05-23T17:00:50+08:00 ] / | ERR: (ThinkException) 无法加载模块Index
[ 2013-05-23T17:00:51+08:00 ] / | ERR: (ThinkException) 无法加载模块Index
[ 2013-05-23T17:00:51+08:00 ] / | ERR: (ThinkException) 无法加载模块Index
[ 2013-05-23T17:00:51+08:00 ] / | ERR: (ThinkException) 无法加载模块Index
[ 2013-05-23T17:00:51+08:00 ] / | ERR: (ThinkException) 无法加载模块Index
[ 2013-05-23T17:01:21+08:00 ] / | ERR: (ThinkException) 无法加载模块Index
[ 2013-05-23T17:02:01+08:00 ] / | ERR: (ThinkException) 无法加载模块Index
[ 2013-05-23T17:06:00+08:00 ] / | ERR: (ThinkException) 无法加载模块Index
[ 2013-05-23T17:06:01+08:00 ] / | ERR: (ThinkException) 无法加载模块Index
[ 2013-05-23T17:06:01+08:00 ] / | ERR: (ThinkException) 无法加载模块Index
[ 2013-05-23T17:06:45+08:00 ] / | ERR: (ThinkException) 无法加载模块Index
[ 2013-05-23T17:07:11+08:00 ] / | ERR: (ThinkException) 无法加载模块Index
[ 2013-05-23T17:07:56+08:00 ] / | ERR: (ThinkException) 无法加载模块Index
[ 2013-05-23T17:07:57+08:00 ] / | ERR: (ThinkException) 无法加载模块Index
[ 2013-05-23T17:07:57+08:00 ] / | ERR: (ThinkException) 无法加载模块Index
[ 2013-05-23T17:07:57+08:00 ] / | ERR: (ThinkException) 无法加载模块Index
[ 2013-05-23T17:07:58+08:00 ] / | ERR: (ThinkException) 无法加载模块Index
[ 2013-05-23T17:08:05+08:00 ] / | ERR: (ThinkException) 无法加载模块Index
[ 2013-05-23T17:08:07+08:00 ] / | ERR: (ThinkException) 无法加载模块Index
[ 2013-05-23T17:08:07+08:00 ] / | ERR: (ThinkException) 无法加载模块Index
[ 2013-05-23T17:08:07+08:00 ] / | ERR: (ThinkException) 无法加载模块Index
[ 2013-05-23T17:08:45+08:00 ] / | ERR: (ThinkException) 无法加载模块Index
[ 2013-05-23T17:14:10+08:00 ] / | INFO: Tag[ app_begin ] --START--
[ 2013-05-23T17:14:10+08:00 ] / | INFO: Run ReadHtmlCache Behavior [ RunTime:0.000948s ]
[ 2013-05-23T17:14:10+08:00 ] / | INFO: Run CheckLang Behavior [ RunTime:0.001423s ]
[ 2013-05-23T17:14:10+08:00 ] / | INFO: Tag[ app_begin ] --END-- [ RunTime:0.002544s ]
[ 2013-05-23T18:09:56+08:00 ] / | ERR: (ThinkException) 无法加载模块Index
[ 2013-05-23T18:14:28+08:00 ] /index.php/admin | ERR: (ThinkException) 无法加载模块Index
[ 2013-05-23T18:15:32+08:00 ] /index.php/admin | ERR: (ThinkException) 无法加载模块Index
[ 2013-05-23T18:15:33+08:00 ] /index.php/admin | ERR: (ThinkException) 无法加载模块Index
[ 2013-05-23T18:15:33+08:00 ] /index.php/admin | ERR: (ThinkException) 无法加载模块Index
[ 2013-05-23T18:15:34+08:00 ] /index.php/admin | ERR: (ThinkException) 无法加载模块Index
[ 2013-05-23T18:20:09+08:00 ] /index.php/admin | ERR: (ThinkException) 无法加载模块Index
[ 2013-05-23T18:20:11+08:00 ] /index.php | ERR: (ThinkException) 无法加载模块Index
[ 2013-05-23T18:20:13+08:00 ] /index.php | ERR: (ThinkException) 无法加载模块Index
[ 2013-05-23T18:21:18+08:00 ] /index.php | INFO: Tag[ app_begin ] --START--
[ 2013-05-23T18:21:18+08:00 ] /index.php | INFO: Run ReadHtmlCache Behavior [ RunTime:0.000848s ]
[ 2013-05-23T18:21:18+08:00 ] /index.php | INFO: Run CheckLang Behavior [ RunTime:0.001365s ]
[ 2013-05-23T18:21:18+08:00 ] /index.php | INFO: Tag[ app_begin ] --END-- [ RunTime:0.002386s ]
[ 2013-05-23T18:22:23+08:00 ] /index.php | ERR: (ThinkException) 无法加载模块Index
[ 2013-05-23T18:22:57+08:00 ] /index.php | INFO: Tag[ app_begin ] --START--
[ 2013-05-23T18:22:57+08:00 ] /index.php | INFO: Run ReadHtmlCache Behavior [ RunTime:0.001008s ]
[ 2013-05-23T18:22:57+08:00 ] /index.php | INFO: Run CheckLang Behavior [ RunTime:0.001598s ]
[ 2013-05-23T18:22:57+08:00 ] /index.php | INFO: Tag[ app_begin ] --END-- [ RunTime:0.002802s ]
[ 2013-05-23T18:30:54+08:00 ] /index.php | INFO: Tag[ app_begin ] --START--
[ 2013-05-23T18:30:54+08:00 ] /index.php | INFO: Run ReadHtmlCache Behavior [ RunTime:0.000944s ]
[ 2013-05-23T18:30:54+08:00 ] /index.php | INFO: Run CheckLang Behavior [ RunTime:0.001451s ]
[ 2013-05-23T18:30:54+08:00 ] /index.php | INFO: Tag[ app_begin ] --END-- [ RunTime:0.002775s ]
[ 2013-05-23T18:34:56+08:00 ] /index.php | INFO: Tag[ app_begin ] --START--
[ 2013-05-23T18:34:56+08:00 ] /index.php | INFO: Run ReadHtmlCache Behavior [ RunTime:0.001199s ]
[ 2013-05-23T18:34:56+08:00 ] /index.php | INFO: Run CheckLang Behavior [ RunTime:0.001515s ]
[ 2013-05-23T18:34:56+08:00 ] /index.php | INFO: Tag[ app_begin ] --END-- [ RunTime:0.002897s ]
[ 2013-05-23T18:35:01+08:00 ] /index.php | INFO: Tag[ app_begin ] --START--
[ 2013-05-23T18:35:01+08:00 ] /index.php | INFO: Run ReadHtmlCache Behavior [ RunTime:0.000884s ]
[ 2013-05-23T18:35:01+08:00 ] /index.php | INFO: Run CheckLang Behavior [ RunTime:0.001409s ]
[ 2013-05-23T18:35:01+08:00 ] /index.php | INFO: Tag[ app_begin ] --END-- [ RunTime:0.002470s ]
[ 2013-05-23T18:35:14+08:00 ] /index.php | INFO: Tag[ app_begin ] --START--
[ 2013-05-23T18:35:14+08:00 ] /index.php | INFO: Run ReadHtmlCache Behavior [ RunTime:0.001022s ]
[ 2013-05-23T18:35:14+08:00 ] /index.php | INFO: Run CheckLang Behavior [ RunTime:0.001733s ]
[ 2013-05-23T18:35:14+08:00 ] /index.php | INFO: Tag[ app_begin ] --END-- [ RunTime:0.002974s ]
[ 2013-05-23T18:35:28+08:00 ] /index.php | INFO: Tag[ app_begin ] --START--
[ 2013-05-23T18:35:28+08:00 ] /index.php | INFO: Run ReadHtmlCache Behavior [ RunTime:0.000854s ]
[ 2013-05-23T18:35:28+08:00 ] /index.php | INFO: Run CheckLang Behavior [ RunTime:0.001372s ]
[ 2013-05-23T18:35:28+08:00 ] /index.php | INFO: Tag[ app_begin ] --END-- [ RunTime:0.002394s ]
[ 2013-05-23T18:35:39+08:00 ] /index.php | INFO: Tag[ app_begin ] --START--
[ 2013-05-23T18:35:39+08:00 ] /index.php | INFO: Run ReadHtmlCache Behavior [ RunTime:0.000867s ]
[ 2013-05-23T18:35:39+08:00 ] /index.php | INFO: Run CheckLang Behavior [ RunTime:0.001431s ]
[ 2013-05-23T18:35:39+08:00 ] /index.php | INFO: Tag[ app_begin ] --END-- [ RunTime:0.002484s ]
