[ 2013-05-23T22:06:57+08:00 ] /rustcms/ | ERR: (ThinkException) 无法加载模块Index
[ 2013-05-23T22:08:06+08:00 ] /rustcms/ | INFO: Tag[ app_begin ] --START--
[ 2013-05-23T22:08:06+08:00 ] /rustcms/ | INFO: Run ReadHtmlCache Behavior [ RunTime:0.003742s ]
[ 2013-05-23T22:08:06+08:00 ] /rustcms/ | INFO: Run CheckLang Behavior [ RunTime:0.004064s ]
[ 2013-05-23T22:08:06+08:00 ] /rustcms/ | INFO: Tag[ app_begin ] --END-- [ RunTime:0.008348s ]
[ 2013-05-23T22:08:06+08:00 ] /rustcms/ | NOTIC: [8] Undefined index: class functions.php 第 33 行.
[ 2013-05-23T22:08:06+08:00 ] /rustcms/ | NOTIC: [8] Undefined index: class functions.php 第 40 行.
[ 2013-05-23T22:08:06+08:00 ] /rustcms/ | NOTIC: [8] Undefined index: type functions.php 第 40 行.
[ 2013-05-23T22:08:06+08:00 ] /rustcms/ | NOTIC: [8] Undefined index: class functions.php 第 40 行.
[ 2013-05-23T22:08:06+08:00 ] /rustcms/ | NOTIC: [8] Undefined index: type functions.php 第 40 行.
[ 2013-05-23T22:08:06+08:00 ] /rustcms/ | NOTIC: [8] Undefined index: class functions.php 第 40 行.
[ 2013-05-23T22:08:06+08:00 ] /rustcms/ | NOTIC: [8] Undefined index: type functions.php 第 40 行.
[ 2013-05-23T22:08:06+08:00 ] /rustcms/ | NOTIC: [8] Undefined index: class functions.php 第 40 行.
[ 2013-05-23T22:08:06+08:00 ] /rustcms/ | NOTIC: [8] Undefined index: type functions.php 第 40 行.
[ 2013-05-23T22:09:11+08:00 ] /rustcms/ | INFO: Tag[ app_begin ] --START--
[ 2013-05-23T22:09:11+08:00 ] /rustcms/ | INFO: Run ReadHtmlCache Behavior [ RunTime:0.003117s ]
[ 2013-05-23T22:09:11+08:00 ] /rustcms/ | INFO: Run CheckLang Behavior [ RunTime:0.054095s ]
[ 2013-05-23T22:09:11+08:00 ] /rustcms/ | INFO: Tag[ app_begin ] --END-- [ RunTime:0.057743s ]
[ 2013-05-23T22:09:11+08:00 ] /rustcms/ | NOTIC: [8] Undefined index: class functions.php 第 33 行.
[ 2013-05-23T22:09:11+08:00 ] /rustcms/ | NOTIC: [8] Undefined index: class functions.php 第 40 行.
[ 2013-05-23T22:09:11+08:00 ] /rustcms/ | NOTIC: [8] Undefined index: type functions.php 第 40 行.
[ 2013-05-23T22:09:11+08:00 ] /rustcms/ | NOTIC: [8] Undefined index: class functions.php 第 40 行.
[ 2013-05-23T22:09:11+08:00 ] /rustcms/ | NOTIC: [8] Undefined index: type functions.php 第 40 行.
[ 2013-05-23T22:09:11+08:00 ] /rustcms/ | NOTIC: [8] Undefined index: class functions.php 第 40 行.
[ 2013-05-23T22:09:11+08:00 ] /rustcms/ | NOTIC: [8] Undefined index: type functions.php 第 40 行.
[ 2013-05-23T22:09:11+08:00 ] /rustcms/ | NOTIC: [8] Undefined index: class functions.php 第 40 行.
[ 2013-05-23T22:09:11+08:00 ] /rustcms/ | NOTIC: [8] Undefined index: type functions.php 第 40 行.
[ 2013-05-23T22:10:41+08:00 ] /rustcms/ | INFO: Tag[ app_begin ] --START--
[ 2013-05-23T22:10:41+08:00 ] /rustcms/ | INFO: Run ReadHtmlCache Behavior [ RunTime:0.002616s ]
[ 2013-05-23T22:10:41+08:00 ] /rustcms/ | INFO: Run CheckLang Behavior [ RunTime:0.002805s ]
[ 2013-05-23T22:10:41+08:00 ] /rustcms/ | INFO: Tag[ app_begin ] --END-- [ RunTime:0.005938s ]
[ 2013-05-23T22:12:35+08:00 ] /rustcms/ | INFO: Tag[ app_begin ] --START--
[ 2013-05-23T22:12:35+08:00 ] /rustcms/ | INFO: Run ReadHtmlCache Behavior [ RunTime:0.003279s ]
[ 2013-05-23T22:12:35+08:00 ] /rustcms/ | INFO: Run CheckLang Behavior [ RunTime:0.003481s ]
[ 2013-05-23T22:12:35+08:00 ] /rustcms/ | INFO: Tag[ app_begin ] --END-- [ RunTime:0.007266s ]
[ 2013-05-23T22:13:52+08:00 ] /rustcms/ | INFO: Tag[ app_begin ] --START--
[ 2013-05-23T22:13:52+08:00 ] /rustcms/ | INFO: Run ReadHtmlCache Behavior [ RunTime:0.002033s ]
[ 2013-05-23T22:13:52+08:00 ] /rustcms/ | INFO: Run CheckLang Behavior [ RunTime:0.002809s ]
[ 2013-05-23T22:13:52+08:00 ] /rustcms/ | INFO: Tag[ app_begin ] --END-- [ RunTime:0.005339s ]
[ 2013-05-23T22:16:40+08:00 ] /rustcms/ | INFO: Tag[ app_begin ] --START--
[ 2013-05-23T22:16:40+08:00 ] /rustcms/ | INFO: Run ReadHtmlCache Behavior [ RunTime:0.002443s ]
[ 2013-05-23T22:16:40+08:00 ] /rustcms/ | INFO: Run CheckLang Behavior [ RunTime:0.003667s ]
[ 2013-05-23T22:16:40+08:00 ] /rustcms/ | INFO: Tag[ app_begin ] --END-- [ RunTime:0.006748s ]
[ 2013-05-23T22:16:42+08:00 ] /rustcms/ | INFO: Tag[ app_begin ] --START--
[ 2013-05-23T22:16:42+08:00 ] /rustcms/ | INFO: Run ReadHtmlCache Behavior [ RunTime:0.002012s ]
[ 2013-05-23T22:16:42+08:00 ] /rustcms/ | INFO: Run CheckLang Behavior [ RunTime:0.002977s ]
[ 2013-05-23T22:16:42+08:00 ] /rustcms/ | INFO: Tag[ app_begin ] --END-- [ RunTime:0.005504s ]
[ 2013-05-23T22:16:58+08:00 ] /rustcms/ | INFO: Tag[ app_begin ] --START--
[ 2013-05-23T22:16:58+08:00 ] /rustcms/ | INFO: Run ReadHtmlCache Behavior [ RunTime:0.002718s ]
[ 2013-05-23T22:16:58+08:00 ] /rustcms/ | INFO: Run CheckLang Behavior [ RunTime:0.003393s ]
[ 2013-05-23T22:16:58+08:00 ] /rustcms/ | INFO: Tag[ app_begin ] --END-- [ RunTime:0.006646s ]
[ 2013-05-23T22:17:22+08:00 ] /rustcms/ | INFO: Tag[ app_begin ] --START--
[ 2013-05-23T22:17:22+08:00 ] /rustcms/ | INFO: Run ReadHtmlCache Behavior [ RunTime:0.002331s ]
[ 2013-05-23T22:17:22+08:00 ] /rustcms/ | INFO: Run CheckLang Behavior [ RunTime:0.003193s ]
[ 2013-05-23T22:17:22+08:00 ] /rustcms/ | INFO: Tag[ app_begin ] --END-- [ RunTime:0.006217s ]
[ 2013-05-23T22:18:08+08:00 ] /rustcms/ | INFO: Tag[ app_begin ] --START--
[ 2013-05-23T22:18:08+08:00 ] /rustcms/ | INFO: Run ReadHtmlCache Behavior [ RunTime:0.002017s ]
[ 2013-05-23T22:18:08+08:00 ] /rustcms/ | INFO: Run CheckLang Behavior [ RunTime:0.002936s ]
[ 2013-05-23T22:18:08+08:00 ] /rustcms/ | INFO: Tag[ app_begin ] --END-- [ RunTime:0.005490s ]
[ 2013-05-23T22:19:06+08:00 ] /rustcms/ | INFO: Tag[ app_begin ] --START--
[ 2013-05-23T22:19:06+08:00 ] /rustcms/ | INFO: Run ReadHtmlCache Behavior [ RunTime:0.003602s ]
[ 2013-05-23T22:19:06+08:00 ] /rustcms/ | INFO: Run CheckLang Behavior [ RunTime:0.003904s ]
[ 2013-05-23T22:19:06+08:00 ] /rustcms/ | INFO: Tag[ app_begin ] --END-- [ RunTime:0.008009s ]
[ 2013-05-23T22:48:57+08:00 ] /rustcms/ | NOTIC: [8] Use of undefined constant __INFO__ - assumed '__INFO__' Dispatcher.class.php 第 129 行.
[ 2013-05-23T22:48:57+08:00 ] /rustcms/ | INFO: Tag[ app_begin ] --START--
[ 2013-05-23T22:48:57+08:00 ] /rustcms/ | INFO: Run ReadHtmlCache Behavior [ RunTime:0.003062s ]
[ 2013-05-23T22:48:57+08:00 ] /rustcms/ | INFO: Run CheckLang Behavior [ RunTime:0.003737s ]
[ 2013-05-23T22:48:57+08:00 ] /rustcms/ | INFO: Tag[ app_begin ] --END-- [ RunTime:0.007252s ]
[ 2013-05-23T22:49:12+08:00 ] /rustcms/ | NOTIC: [8] Undefined index: PATH_INFO Dispatcher.class.php 第 129 行.
[ 2013-05-23T22:49:12+08:00 ] /rustcms/ | INFO: Tag[ app_begin ] --START--
[ 2013-05-23T22:49:12+08:00 ] /rustcms/ | INFO: Run ReadHtmlCache Behavior [ RunTime:0.002560s ]
[ 2013-05-23T22:49:12+08:00 ] /rustcms/ | INFO: Run CheckLang Behavior [ RunTime:0.002861s ]
[ 2013-05-23T22:49:12+08:00 ] /rustcms/ | INFO: Tag[ app_begin ] --END-- [ RunTime:0.006173s ]
[ 2013-05-23T22:49:41+08:00 ] /rustcms/ | INFO: Tag[ app_begin ] --START--
[ 2013-05-23T22:49:41+08:00 ] /rustcms/ | INFO: Run ReadHtmlCache Behavior [ RunTime:0.001980s ]
[ 2013-05-23T22:49:41+08:00 ] /rustcms/ | INFO: Run CheckLang Behavior [ RunTime:0.002856s ]
[ 2013-05-23T22:49:41+08:00 ] /rustcms/ | INFO: Tag[ app_begin ] --END-- [ RunTime:0.005335s ]
[ 2013-05-23T22:49:51+08:00 ] /rustcms/ | NOTIC: [8] Undefined index: PATH_INFO Dispatcher.class.php 第 129 行.
[ 2013-05-23T22:49:51+08:00 ] /rustcms/ | INFO: Tag[ app_begin ] --START--
[ 2013-05-23T22:49:51+08:00 ] /rustcms/ | INFO: Run ReadHtmlCache Behavior [ RunTime:0.002243s ]
[ 2013-05-23T22:49:51+08:00 ] /rustcms/ | INFO: Run CheckLang Behavior [ RunTime:0.003634s ]
[ 2013-05-23T22:49:51+08:00 ] /rustcms/ | INFO: Tag[ app_begin ] --END-- [ RunTime:0.006354s ]
[ 2013-05-23T22:50:33+08:00 ] /rustcms/ | INFO: Tag[ app_begin ] --START--
[ 2013-05-23T22:50:33+08:00 ] /rustcms/ | INFO: Run ReadHtmlCache Behavior [ RunTime:0.002202s ]
[ 2013-05-23T22:50:33+08:00 ] /rustcms/ | INFO: Run CheckLang Behavior [ RunTime:0.002970s ]
[ 2013-05-23T22:50:33+08:00 ] /rustcms/ | INFO: Tag[ app_begin ] --END-- [ RunTime:0.005790s ]
[ 2013-05-23T22:50:48+08:00 ] /rustcms/ | INFO: Tag[ app_begin ] --START--
[ 2013-05-23T22:50:48+08:00 ] /rustcms/ | INFO: Run ReadHtmlCache Behavior [ RunTime:0.002084s ]
[ 2013-05-23T22:50:48+08:00 ] /rustcms/ | INFO: Run CheckLang Behavior [ RunTime:0.002719s ]
[ 2013-05-23T22:50:48+08:00 ] /rustcms/ | INFO: Tag[ app_begin ] --END-- [ RunTime:0.005288s ]
[ 2013-05-23T22:54:24+08:00 ] /rustcms/ | INFO: Tag[ app_begin ] --START--
[ 2013-05-23T22:54:24+08:00 ] /rustcms/ | INFO: Run ReadHtmlCache Behavior [ RunTime:0.002988s ]
[ 2013-05-23T22:54:24+08:00 ] /rustcms/ | INFO: Run CheckLang Behavior [ RunTime:0.003759s ]
[ 2013-05-23T22:54:24+08:00 ] /rustcms/ | INFO: Tag[ app_begin ] --END-- [ RunTime:0.007275s ]
[ 2013-05-23T23:32:38+08:00 ] /rustcms/ | NOTIC: [8] Use of undefined constant config - assumed 'config' Dispatcher.class.php 第 145 行.
[ 2013-05-23T23:32:38+08:00 ] /rustcms/ | NOTIC: [8] Use of undefined constant php - assumed 'php' Dispatcher.class.php 第 145 行.
[ 2013-05-23T23:32:38+08:00 ] /rustcms/ | NOTIC: [8] Use of undefined constant alias - assumed 'alias' Dispatcher.class.php 第 149 行.
[ 2013-05-23T23:32:38+08:00 ] /rustcms/ | NOTIC: [8] Use of undefined constant php - assumed 'php' Dispatcher.class.php 第 149 行.
[ 2013-05-23T23:32:38+08:00 ] /rustcms/ | NOTIC: [8] Use of undefined constant functions - assumed 'functions' Dispatcher.class.php 第 153 行.
[ 2013-05-23T23:32:38+08:00 ] /rustcms/ | NOTIC: [8] Use of undefined constant php - assumed 'php' Dispatcher.class.php 第 153 行.
[ 2013-05-23T23:32:38+08:00 ] /rustcms/ | INFO: Tag[ app_begin ] --START--
[ 2013-05-23T23:32:38+08:00 ] /rustcms/ | INFO: Run ReadHtmlCache Behavior [ RunTime:0.002901s ]
[ 2013-05-23T23:32:38+08:00 ] /rustcms/ | INFO: Run CheckLang Behavior [ RunTime:0.005091s ]
[ 2013-05-23T23:32:38+08:00 ] /rustcms/ | INFO: Tag[ app_begin ] --END-- [ RunTime:0.008473s ]
[ 2013-05-23T23:33:53+08:00 ] /rustcms/ | NOTIC: [8] Use of undefined constant config - assumed 'config' Dispatcher.class.php 第 145 行.
[ 2013-05-23T23:33:53+08:00 ] /rustcms/ | NOTIC: [8] Use of undefined constant php - assumed 'php' Dispatcher.class.php 第 145 行.
[ 2013-05-23T23:33:53+08:00 ] /rustcms/ | NOTIC: [8] Use of undefined constant alias - assumed 'alias' Dispatcher.class.php 第 149 行.
[ 2013-05-23T23:33:53+08:00 ] /rustcms/ | NOTIC: [8] Use of undefined constant php - assumed 'php' Dispatcher.class.php 第 149 行.
[ 2013-05-23T23:33:53+08:00 ] /rustcms/ | NOTIC: [8] Use of undefined constant functions - assumed 'functions' Dispatcher.class.php 第 153 行.
[ 2013-05-23T23:33:53+08:00 ] /rustcms/ | NOTIC: [8] Use of undefined constant php - assumed 'php' Dispatcher.class.php 第 153 行.
[ 2013-05-23T23:33:53+08:00 ] /rustcms/ | INFO: Tag[ app_begin ] --START--
[ 2013-05-23T23:33:53+08:00 ] /rustcms/ | INFO: Run ReadHtmlCache Behavior [ RunTime:0.002129s ]
[ 2013-05-23T23:33:53+08:00 ] /rustcms/ | INFO: Run CheckLang Behavior [ RunTime:0.002660s ]
[ 2013-05-23T23:33:53+08:00 ] /rustcms/ | INFO: Tag[ app_begin ] --END-- [ RunTime:0.005218s ]
[ 2013-05-23T23:33:55+08:00 ] /rustcms/ | NOTIC: [8] Use of undefined constant config - assumed 'config' Dispatcher.class.php 第 145 行.
[ 2013-05-23T23:33:55+08:00 ] /rustcms/ | NOTIC: [8] Use of undefined constant php - assumed 'php' Dispatcher.class.php 第 145 行.
[ 2013-05-23T23:33:55+08:00 ] /rustcms/ | NOTIC: [8] Use of undefined constant alias - assumed 'alias' Dispatcher.class.php 第 149 行.
[ 2013-05-23T23:33:55+08:00 ] /rustcms/ | NOTIC: [8] Use of undefined constant php - assumed 'php' Dispatcher.class.php 第 149 行.
[ 2013-05-23T23:33:55+08:00 ] /rustcms/ | NOTIC: [8] Use of undefined constant functions - assumed 'functions' Dispatcher.class.php 第 153 行.
[ 2013-05-23T23:33:55+08:00 ] /rustcms/ | NOTIC: [8] Use of undefined constant php - assumed 'php' Dispatcher.class.php 第 153 行.
[ 2013-05-23T23:33:55+08:00 ] /rustcms/ | INFO: Tag[ app_begin ] --START--
[ 2013-05-23T23:33:55+08:00 ] /rustcms/ | INFO: Run ReadHtmlCache Behavior [ RunTime:0.002049s ]
[ 2013-05-23T23:33:55+08:00 ] /rustcms/ | INFO: Run CheckLang Behavior [ RunTime:0.002955s ]
[ 2013-05-23T23:33:55+08:00 ] /rustcms/ | INFO: Tag[ app_begin ] --END-- [ RunTime:0.005802s ]
[ 2013-05-23T23:33:55+08:00 ] /rustcms/ | NOTIC: [8] Use of undefined constant config - assumed 'config' Dispatcher.class.php 第 145 行.
[ 2013-05-23T23:33:55+08:00 ] /rustcms/ | NOTIC: [8] Use of undefined constant php - assumed 'php' Dispatcher.class.php 第 145 行.
[ 2013-05-23T23:33:55+08:00 ] /rustcms/ | NOTIC: [8] Use of undefined constant alias - assumed 'alias' Dispatcher.class.php 第 149 行.
[ 2013-05-23T23:33:55+08:00 ] /rustcms/ | NOTIC: [8] Use of undefined constant php - assumed 'php' Dispatcher.class.php 第 149 行.
[ 2013-05-23T23:33:55+08:00 ] /rustcms/ | NOTIC: [8] Use of undefined constant functions - assumed 'functions' Dispatcher.class.php 第 153 行.
[ 2013-05-23T23:33:55+08:00 ] /rustcms/ | NOTIC: [8] Use of undefined constant php - assumed 'php' Dispatcher.class.php 第 153 行.
[ 2013-05-23T23:33:55+08:00 ] /rustcms/ | INFO: Tag[ app_begin ] --START--
[ 2013-05-23T23:33:55+08:00 ] /rustcms/ | INFO: Run ReadHtmlCache Behavior [ RunTime:0.002405s ]
[ 2013-05-23T23:33:55+08:00 ] /rustcms/ | INFO: Run CheckLang Behavior [ RunTime:0.002895s ]
[ 2013-05-23T23:33:55+08:00 ] /rustcms/ | INFO: Tag[ app_begin ] --END-- [ RunTime:0.005743s ]
[ 2013-05-23T23:33:55+08:00 ] /rustcms/ | NOTIC: [8] Use of undefined constant config - assumed 'config' Dispatcher.class.php 第 145 行.
[ 2013-05-23T23:33:55+08:00 ] /rustcms/ | NOTIC: [8] Use of undefined constant php - assumed 'php' Dispatcher.class.php 第 145 行.
[ 2013-05-23T23:33:55+08:00 ] /rustcms/ | NOTIC: [8] Use of undefined constant alias - assumed 'alias' Dispatcher.class.php 第 149 行.
[ 2013-05-23T23:33:55+08:00 ] /rustcms/ | NOTIC: [8] Use of undefined constant php - assumed 'php' Dispatcher.class.php 第 149 行.
[ 2013-05-23T23:33:55+08:00 ] /rustcms/ | NOTIC: [8] Use of undefined constant functions - assumed 'functions' Dispatcher.class.php 第 153 行.
[ 2013-05-23T23:33:55+08:00 ] /rustcms/ | NOTIC: [8] Use of undefined constant php - assumed 'php' Dispatcher.class.php 第 153 行.
[ 2013-05-23T23:33:56+08:00 ] /rustcms/ | INFO: Tag[ app_begin ] --START--
[ 2013-05-23T23:33:56+08:00 ] /rustcms/ | INFO: Run ReadHtmlCache Behavior [ RunTime:0.002102s ]
[ 2013-05-23T23:33:56+08:00 ] /rustcms/ | INFO: Run CheckLang Behavior [ RunTime:0.003231s ]
[ 2013-05-23T23:33:56+08:00 ] /rustcms/ | INFO: Tag[ app_begin ] --END-- [ RunTime:0.005787s ]
[ 2013-05-23T23:34:09+08:00 ] /rustcms/ | NOTIC: [8] Use of undefined constant config - assumed 'config' Dispatcher.class.php 第 145 行.
[ 2013-05-23T23:34:09+08:00 ] /rustcms/ | NOTIC: [8] Use of undefined constant php - assumed 'php' Dispatcher.class.php 第 145 行.
[ 2013-05-23T23:34:09+08:00 ] /rustcms/ | NOTIC: [8] Use of undefined constant alias - assumed 'alias' Dispatcher.class.php 第 149 行.
[ 2013-05-23T23:34:09+08:00 ] /rustcms/ | NOTIC: [8] Use of undefined constant php - assumed 'php' Dispatcher.class.php 第 149 行.
[ 2013-05-23T23:34:09+08:00 ] /rustcms/ | NOTIC: [8] Use of undefined constant functions - assumed 'functions' Dispatcher.class.php 第 153 行.
[ 2013-05-23T23:34:09+08:00 ] /rustcms/ | NOTIC: [8] Use of undefined constant php - assumed 'php' Dispatcher.class.php 第 153 行.
[ 2013-05-23T23:34:09+08:00 ] /rustcms/ | INFO: Tag[ app_begin ] --START--
[ 2013-05-23T23:34:09+08:00 ] /rustcms/ | INFO: Run ReadHtmlCache Behavior [ RunTime:0.002217s ]
[ 2013-05-23T23:34:09+08:00 ] /rustcms/ | INFO: Run CheckLang Behavior [ RunTime:0.003244s ]
[ 2013-05-23T23:34:09+08:00 ] /rustcms/ | INFO: Tag[ app_begin ] --END-- [ RunTime:0.005905s ]
[ 2013-05-23T23:34:11+08:00 ] /rustcms/ | NOTIC: [8] Use of undefined constant config - assumed 'config' Dispatcher.class.php 第 145 行.
[ 2013-05-23T23:34:11+08:00 ] /rustcms/ | NOTIC: [8] Use of undefined constant php - assumed 'php' Dispatcher.class.php 第 145 行.
[ 2013-05-23T23:34:11+08:00 ] /rustcms/ | NOTIC: [8] Use of undefined constant alias - assumed 'alias' Dispatcher.class.php 第 149 行.
[ 2013-05-23T23:34:11+08:00 ] /rustcms/ | NOTIC: [8] Use of undefined constant php - assumed 'php' Dispatcher.class.php 第 149 行.
[ 2013-05-23T23:34:11+08:00 ] /rustcms/ | NOTIC: [8] Use of undefined constant functions - assumed 'functions' Dispatcher.class.php 第 153 行.
[ 2013-05-23T23:34:11+08:00 ] /rustcms/ | NOTIC: [8] Use of undefined constant php - assumed 'php' Dispatcher.class.php 第 153 行.
[ 2013-05-23T23:34:11+08:00 ] /rustcms/ | INFO: Tag[ app_begin ] --START--
[ 2013-05-23T23:34:11+08:00 ] /rustcms/ | INFO: Run ReadHtmlCache Behavior [ RunTime:0.002243s ]
[ 2013-05-23T23:34:11+08:00 ] /rustcms/ | INFO: Run CheckLang Behavior [ RunTime:0.003051s ]
[ 2013-05-23T23:34:11+08:00 ] /rustcms/ | INFO: Tag[ app_begin ] --END-- [ RunTime:0.005737s ]
[ 2013-05-23T23:34:11+08:00 ] /rustcms/ | NOTIC: [8] Use of undefined constant config - assumed 'config' Dispatcher.class.php 第 145 行.
[ 2013-05-23T23:34:11+08:00 ] /rustcms/ | NOTIC: [8] Use of undefined constant php - assumed 'php' Dispatcher.class.php 第 145 行.
[ 2013-05-23T23:34:11+08:00 ] /rustcms/ | NOTIC: [8] Use of undefined constant alias - assumed 'alias' Dispatcher.class.php 第 149 行.
[ 2013-05-23T23:34:11+08:00 ] /rustcms/ | NOTIC: [8] Use of undefined constant php - assumed 'php' Dispatcher.class.php 第 149 行.
[ 2013-05-23T23:34:11+08:00 ] /rustcms/ | NOTIC: [8] Use of undefined constant functions - assumed 'functions' Dispatcher.class.php 第 153 行.
[ 2013-05-23T23:34:11+08:00 ] /rustcms/ | NOTIC: [8] Use of undefined constant php - assumed 'php' Dispatcher.class.php 第 153 行.
[ 2013-05-23T23:34:11+08:00 ] /rustcms/ | INFO: Tag[ app_begin ] --START--
[ 2013-05-23T23:34:11+08:00 ] /rustcms/ | INFO: Run ReadHtmlCache Behavior [ RunTime:0.002698s ]
[ 2013-05-23T23:34:11+08:00 ] /rustcms/ | INFO: Run CheckLang Behavior [ RunTime:0.003094s ]
[ 2013-05-23T23:34:11+08:00 ] /rustcms/ | INFO: Tag[ app_begin ] --END-- [ RunTime:0.006244s ]
[ 2013-05-23T23:34:42+08:00 ] /rustcms/ | NOTIC: [8] Use of undefined constant config - assumed 'config' Dispatcher.class.php 第 145 行.
[ 2013-05-23T23:34:42+08:00 ] /rustcms/ | NOTIC: [8] Use of undefined constant php - assumed 'php' Dispatcher.class.php 第 145 行.
[ 2013-05-23T23:34:42+08:00 ] /rustcms/ | NOTIC: [8] Use of undefined constant alias - assumed 'alias' Dispatcher.class.php 第 149 行.
[ 2013-05-23T23:34:42+08:00 ] /rustcms/ | NOTIC: [8] Use of undefined constant php - assumed 'php' Dispatcher.class.php 第 149 行.
[ 2013-05-23T23:34:42+08:00 ] /rustcms/ | NOTIC: [8] Use of undefined constant functions - assumed 'functions' Dispatcher.class.php 第 153 行.
[ 2013-05-23T23:34:42+08:00 ] /rustcms/ | NOTIC: [8] Use of undefined constant php - assumed 'php' Dispatcher.class.php 第 153 行.
[ 2013-05-23T23:34:42+08:00 ] /rustcms/ | INFO: Tag[ app_begin ] --START--
[ 2013-05-23T23:34:42+08:00 ] /rustcms/ | INFO: Run ReadHtmlCache Behavior [ RunTime:0.004231s ]
[ 2013-05-23T23:34:42+08:00 ] /rustcms/ | INFO: Run CheckLang Behavior [ RunTime:0.003856s ]
[ 2013-05-23T23:34:42+08:00 ] /rustcms/ | INFO: Tag[ app_begin ] --END-- [ RunTime:0.008542s ]
[ 2013-05-23T23:35:11+08:00 ] /rustcms/ | NOTIC: [8] Use of undefined constant config - assumed 'config' Dispatcher.class.php 第 145 行.
[ 2013-05-23T23:35:11+08:00 ] /rustcms/ | NOTIC: [8] Use of undefined constant php - assumed 'php' Dispatcher.class.php 第 145 行.
[ 2013-05-23T23:35:11+08:00 ] /rustcms/ | NOTIC: [8] Use of undefined constant alias - assumed 'alias' Dispatcher.class.php 第 150 行.
[ 2013-05-23T23:35:11+08:00 ] /rustcms/ | NOTIC: [8] Use of undefined constant php - assumed 'php' Dispatcher.class.php 第 150 行.
[ 2013-05-23T23:35:11+08:00 ] /rustcms/ | NOTIC: [8] Use of undefined constant functions - assumed 'functions' Dispatcher.class.php 第 154 行.
[ 2013-05-23T23:35:11+08:00 ] /rustcms/ | NOTIC: [8] Use of undefined constant php - assumed 'php' Dispatcher.class.php 第 154 行.
[ 2013-05-23T23:35:11+08:00 ] /rustcms/ | INFO: Tag[ app_begin ] --START--
[ 2013-05-23T23:35:11+08:00 ] /rustcms/ | INFO: Run ReadHtmlCache Behavior [ RunTime:0.002259s ]
[ 2013-05-23T23:35:11+08:00 ] /rustcms/ | INFO: Run CheckLang Behavior [ RunTime:0.002978s ]
[ 2013-05-23T23:35:11+08:00 ] /rustcms/ | INFO: Tag[ app_begin ] --END-- [ RunTime:0.005675s ]
[ 2013-05-23T23:35:17+08:00 ] /rustcms/ | NOTIC: [8] Use of undefined constant config - assumed 'config' Dispatcher.class.php 第 145 行.
[ 2013-05-23T23:35:17+08:00 ] /rustcms/ | NOTIC: [8] Use of undefined constant php - assumed 'php' Dispatcher.class.php 第 145 行.
[ 2013-05-23T23:35:17+08:00 ] /rustcms/ | NOTIC: [8] Use of undefined constant alias - assumed 'alias' Dispatcher.class.php 第 150 行.
[ 2013-05-23T23:35:17+08:00 ] /rustcms/ | NOTIC: [8] Use of undefined constant php - assumed 'php' Dispatcher.class.php 第 150 行.
[ 2013-05-23T23:35:17+08:00 ] /rustcms/ | NOTIC: [8] Use of undefined constant functions - assumed 'functions' Dispatcher.class.php 第 154 行.
[ 2013-05-23T23:35:17+08:00 ] /rustcms/ | NOTIC: [8] Use of undefined constant php - assumed 'php' Dispatcher.class.php 第 154 行.
[ 2013-05-23T23:35:17+08:00 ] /rustcms/ | INFO: Tag[ app_begin ] --START--
[ 2013-05-23T23:35:17+08:00 ] /rustcms/ | INFO: Run ReadHtmlCache Behavior [ RunTime:0.002317s ]
[ 2013-05-23T23:35:17+08:00 ] /rustcms/ | INFO: Run CheckLang Behavior [ RunTime:0.003152s ]
[ 2013-05-23T23:35:17+08:00 ] /rustcms/ | INFO: Tag[ app_begin ] --END-- [ RunTime:0.005975s ]
[ 2013-05-23T23:35:53+08:00 ] /rustcms/ | NOTIC: [8] Use of undefined constant config - assumed 'config' Dispatcher.class.php 第 147 行.
[ 2013-05-23T23:35:53+08:00 ] /rustcms/ | NOTIC: [8] Use of undefined constant php - assumed 'php' Dispatcher.class.php 第 147 行.
[ 2013-05-23T23:35:53+08:00 ] /rustcms/ | NOTIC: [2] include(F:\wamp\www\rustcms/rustcms/Modules/Contents/Conf/configphp) [<a href='function.include'>function.include</a>]: failed to open stream: No such file or directory Dispatcher.class.php 第 147 行.
[ 2013-05-23T23:35:53+08:00 ] /rustcms/ | NOTIC: [2] include() [<a href='function.include'>function.include</a>]: Failed opening 'F:\wamp\www\rustcms/rustcms/Modules/Contents/Conf/configphp' for inclusion (include_path='.;C:\php\pear;F:\wamp\www\rustcms\rustcms\Core/Extend/Vendor/') Dispatcher.class.php 第 147 行.
[ 2013-05-23T23:35:53+08:00 ] /rustcms/ | INFO: Tag[ app_begin ] --START--
[ 2013-05-23T23:35:53+08:00 ] /rustcms/ | INFO: Run ReadHtmlCache Behavior [ RunTime:0.003447s ]
[ 2013-05-23T23:35:53+08:00 ] /rustcms/ | INFO: Run CheckLang Behavior [ RunTime:0.008686s ]
[ 2013-05-23T23:35:53+08:00 ] /rustcms/ | INFO: Tag[ app_begin ] --END-- [ RunTime:0.012894s ]
[ 2013-05-23T23:36:19+08:00 ] /rustcms/ | INFO: Tag[ app_begin ] --START--
[ 2013-05-23T23:36:19+08:00 ] /rustcms/ | INFO: Run ReadHtmlCache Behavior [ RunTime:0.001992s ]
[ 2013-05-23T23:36:19+08:00 ] /rustcms/ | INFO: Run CheckLang Behavior [ RunTime:0.002863s ]
[ 2013-05-23T23:36:19+08:00 ] /rustcms/ | INFO: Tag[ app_begin ] --END-- [ RunTime:0.005359s ]
[ 2013-05-23T23:36:29+08:00 ] /rustcms/ | INFO: Tag[ app_begin ] --START--
[ 2013-05-23T23:36:29+08:00 ] /rustcms/ | INFO: Run ReadHtmlCache Behavior [ RunTime:0.002060s ]
[ 2013-05-23T23:36:29+08:00 ] /rustcms/ | INFO: Run CheckLang Behavior [ RunTime:0.002640s ]
[ 2013-05-23T23:36:29+08:00 ] /rustcms/ | INFO: Tag[ app_begin ] --END-- [ RunTime:0.005183s ]
[ 2013-05-23T23:45:15+08:00 ] /rustcms/ | ERR: (ThinkException) 模板不存在[F:\wamp\www\rustcms/rustcms/Tpl/Contents/Index/index.html]
[ 2013-05-23T23:45:15+08:00 ] /rustcms/ | INFO: Tag[ app_begin ] --START--
[ 2013-05-23T23:45:15+08:00 ] /rustcms/ | INFO: Run ReadHtmlCache Behavior [ RunTime:0.003188s ]
[ 2013-05-23T23:45:15+08:00 ] /rustcms/ | INFO: Run CheckLang Behavior [ RunTime:0.004226s ]
[ 2013-05-23T23:45:15+08:00 ] /rustcms/ | INFO: Tag[ app_begin ] --END-- [ RunTime:0.008247s ]
[ 2013-05-23T23:45:15+08:00 ] /rustcms/ | INFO: Tag[ view_template ] --START--
[ 2013-05-23T23:45:15+08:00 ] /rustcms/ | NOTIC: [8] Undefined index: class ThinkException.class.php 第 79 行.
[ 2013-05-23T23:45:15+08:00 ] /rustcms/ | NOTIC: [8] Undefined index: type ThinkException.class.php 第 79 行.
[ 2013-05-23T23:45:15+08:00 ] /rustcms/ | NOTIC: [8] Undefined index: class ThinkException.class.php 第 79 行.
[ 2013-05-23T23:45:15+08:00 ] /rustcms/ | NOTIC: [8] Undefined index: type ThinkException.class.php 第 79 行.
[ 2013-05-23T23:45:15+08:00 ] /rustcms/ | NOTIC: [8] Undefined index: file ThinkException.class.php 第 78 行.
[ 2013-05-23T23:45:15+08:00 ] /rustcms/ | NOTIC: [8] Undefined index: line ThinkException.class.php 第 78 行.
[ 2013-05-23T23:45:15+08:00 ] /rustcms/ | NOTIC: [8] Undefined index: class ThinkException.class.php 第 79 行.
[ 2013-05-23T23:45:15+08:00 ] /rustcms/ | NOTIC: [8] Undefined index: type ThinkException.class.php 第 79 行.
[ 2013-05-23T23:45:15+08:00 ] /rustcms/ | NOTIC: [8] Array to string conversion ThinkException.class.php 第 80 行.
[ 2013-05-23T23:45:15+08:00 ] /rustcms/ | NOTIC: [8] Undefined index: class ThinkException.class.php 第 79 行.
[ 2013-05-23T23:45:15+08:00 ] /rustcms/ | NOTIC: [8] Undefined index: type ThinkException.class.php 第 79 行.
[ 2013-05-23T23:45:15+08:00 ] /rustcms/ | NOTIC: [8] Undefined index: class ThinkException.class.php 第 79 行.
[ 2013-05-23T23:45:15+08:00 ] /rustcms/ | NOTIC: [8] Undefined index: type ThinkException.class.php 第 79 行.
[ 2013-05-23T23:46:41+08:00 ] /rustcms/ | ERR: (ThinkException) 模板不存在[F:\wamp\www\rustcms/rustcms/Template/Contents/Index/index.html]
[ 2013-05-23T23:46:41+08:00 ] /rustcms/ | INFO: Tag[ app_begin ] --START--
[ 2013-05-23T23:46:41+08:00 ] /rustcms/ | INFO: Run ReadHtmlCache Behavior [ RunTime:0.002656s ]
[ 2013-05-23T23:46:41+08:00 ] /rustcms/ | INFO: Run CheckLang Behavior [ RunTime:0.003217s ]
[ 2013-05-23T23:46:41+08:00 ] /rustcms/ | INFO: Tag[ app_begin ] --END-- [ RunTime:0.006445s ]
[ 2013-05-23T23:46:41+08:00 ] /rustcms/ | INFO: Tag[ view_template ] --START--
[ 2013-05-23T23:46:41+08:00 ] /rustcms/ | NOTIC: [8] Undefined index: class ThinkException.class.php 第 79 行.
[ 2013-05-23T23:46:41+08:00 ] /rustcms/ | NOTIC: [8] Undefined index: type ThinkException.class.php 第 79 行.
[ 2013-05-23T23:46:41+08:00 ] /rustcms/ | NOTIC: [8] Undefined index: class ThinkException.class.php 第 79 行.
[ 2013-05-23T23:46:41+08:00 ] /rustcms/ | NOTIC: [8] Undefined index: type ThinkException.class.php 第 79 行.
[ 2013-05-23T23:46:41+08:00 ] /rustcms/ | NOTIC: [8] Undefined index: file ThinkException.class.php 第 78 行.
[ 2013-05-23T23:46:41+08:00 ] /rustcms/ | NOTIC: [8] Undefined index: line ThinkException.class.php 第 78 行.
[ 2013-05-23T23:46:41+08:00 ] /rustcms/ | NOTIC: [8] Undefined index: class ThinkException.class.php 第 79 行.
[ 2013-05-23T23:46:41+08:00 ] /rustcms/ | NOTIC: [8] Undefined index: type ThinkException.class.php 第 79 行.
[ 2013-05-23T23:46:41+08:00 ] /rustcms/ | NOTIC: [8] Array to string conversion ThinkException.class.php 第 80 行.
[ 2013-05-23T23:46:41+08:00 ] /rustcms/ | NOTIC: [8] Undefined index: class ThinkException.class.php 第 79 行.
[ 2013-05-23T23:46:41+08:00 ] /rustcms/ | NOTIC: [8] Undefined index: type ThinkException.class.php 第 79 行.
[ 2013-05-23T23:46:41+08:00 ] /rustcms/ | NOTIC: [8] Undefined index: class ThinkException.class.php 第 79 行.
[ 2013-05-23T23:46:41+08:00 ] /rustcms/ | NOTIC: [8] Undefined index: type ThinkException.class.php 第 79 行.
[ 2013-05-23T23:47:00+08:00 ] /rustcms/ | INFO: Tag[ app_begin ] --START--
[ 2013-05-23T23:47:00+08:00 ] /rustcms/ | INFO: Run ReadHtmlCache Behavior [ RunTime:0.001903s ]
[ 2013-05-23T23:47:00+08:00 ] /rustcms/ | INFO: Run CheckLang Behavior [ RunTime:0.020846s ]
[ 2013-05-23T23:47:00+08:00 ] /rustcms/ | INFO: Tag[ app_begin ] --END-- [ RunTime:0.023283s ]
[ 2013-05-23T23:47:00+08:00 ] /rustcms/ | INFO: Tag[ view_template ] --START--
[ 2013-05-23T23:47:00+08:00 ] /rustcms/ | INFO: Run LocationTemplate Behavior [ RunTime:0.002910s ]
[ 2013-05-23T23:47:00+08:00 ] /rustcms/ | INFO: Tag[ view_template ] --END-- [ RunTime:0.003240s ]
[ 2013-05-23T23:47:00+08:00 ] /rustcms/ | INFO: Tag[ view_parse ] --START--
[ 2013-05-23T23:47:00+08:00 ] /rustcms/ | INFO: Run ParseTemplate Behavior [ RunTime:0.110398s ]
[ 2013-05-23T23:47:00+08:00 ] /rustcms/ | INFO: Tag[ view_parse ] --END-- [ RunTime:0.110736s ]
[ 2013-05-23T23:47:00+08:00 ] /rustcms/ | INFO: Tag[ view_filter ] --START--
[ 2013-05-23T23:47:00+08:00 ] /rustcms/ | INFO: Run ContentReplace Behavior [ RunTime:0.002581s ]
[ 2013-05-23T23:47:00+08:00 ] /rustcms/ | INFO: Run TokenBuild Behavior [ RunTime:0.002335s ]
[ 2013-05-23T23:47:00+08:00 ] /rustcms/ | INFO: Run WriteHtmlCache Behavior [ RunTime:0.001536s ]
[ 2013-05-23T23:47:00+08:00 ] /rustcms/ | INFO: Run ShowRuntime Behavior [ RunTime:0.002332s ]
[ 2013-05-23T23:47:00+08:00 ] /rustcms/ | INFO: Tag[ view_filter ] --END-- [ RunTime:0.015466s ]
[ 2013-05-23T23:47:00+08:00 ] /rustcms/ | INFO: Tag[ view_end ] --START--
[ 2013-05-23T23:47:00+08:00 ] /rustcms/ | INFO: Run ShowPageTrace Behavior [ RunTime:0.002071s ]
[ 2013-05-23T23:47:00+08:00 ] /rustcms/ | INFO: Tag[ view_end ] --END-- [ RunTime:0.002531s ]
[ 2013-05-23T23:55:26+08:00 ] /rustcms/ | ERR: (ThinkException) 模板不存在[F:\wamp\www\rustcms/rustcms/Modules/Contents/Index/index.html]
[ 2013-05-23T23:55:26+08:00 ] /rustcms/ | INFO: Tag[ app_begin ] --START--
[ 2013-05-23T23:55:26+08:00 ] /rustcms/ | INFO: Run ReadHtmlCache Behavior [ RunTime:0.003072s ]
[ 2013-05-23T23:55:26+08:00 ] /rustcms/ | INFO: Run CheckLang Behavior [ RunTime:0.003625s ]
[ 2013-05-23T23:55:26+08:00 ] /rustcms/ | INFO: Tag[ app_begin ] --END-- [ RunTime:0.007288s ]
[ 2013-05-23T23:55:26+08:00 ] /rustcms/ | INFO: Tag[ view_template ] --START--
[ 2013-05-23T23:55:26+08:00 ] /rustcms/ | NOTIC: [8] Undefined index: class ThinkException.class.php 第 79 行.
[ 2013-05-23T23:55:26+08:00 ] /rustcms/ | NOTIC: [8] Undefined index: type ThinkException.class.php 第 79 行.
[ 2013-05-23T23:55:26+08:00 ] /rustcms/ | NOTIC: [8] Undefined index: class ThinkException.class.php 第 79 行.
[ 2013-05-23T23:55:26+08:00 ] /rustcms/ | NOTIC: [8] Undefined index: type ThinkException.class.php 第 79 行.
[ 2013-05-23T23:55:26+08:00 ] /rustcms/ | NOTIC: [8] Undefined index: file ThinkException.class.php 第 78 行.
[ 2013-05-23T23:55:26+08:00 ] /rustcms/ | NOTIC: [8] Undefined index: line ThinkException.class.php 第 78 行.
[ 2013-05-23T23:55:26+08:00 ] /rustcms/ | NOTIC: [8] Undefined index: class ThinkException.class.php 第 79 行.
[ 2013-05-23T23:55:26+08:00 ] /rustcms/ | NOTIC: [8] Undefined index: type ThinkException.class.php 第 79 行.
[ 2013-05-23T23:55:26+08:00 ] /rustcms/ | NOTIC: [8] Array to string conversion ThinkException.class.php 第 80 行.
[ 2013-05-23T23:55:26+08:00 ] /rustcms/ | NOTIC: [8] Undefined index: class ThinkException.class.php 第 79 行.
[ 2013-05-23T23:55:26+08:00 ] /rustcms/ | NOTIC: [8] Undefined index: type ThinkException.class.php 第 79 行.
[ 2013-05-23T23:55:26+08:00 ] /rustcms/ | NOTIC: [8] Undefined index: class ThinkException.class.php 第 79 行.
[ 2013-05-23T23:55:26+08:00 ] /rustcms/ | NOTIC: [8] Undefined index: type ThinkException.class.php 第 79 行.
[ 2013-05-23T23:57:11+08:00 ] /rustcms/ | ERR: (ThinkException) 模板不存在[F:\wamp\www\rustcms/rustcms/Modules/Contents/Index/index.html]
[ 2013-05-23T23:57:11+08:00 ] /rustcms/ | INFO: Tag[ app_begin ] --START--
[ 2013-05-23T23:57:11+08:00 ] /rustcms/ | INFO: Run ReadHtmlCache Behavior [ RunTime:0.002094s ]
[ 2013-05-23T23:57:11+08:00 ] /rustcms/ | INFO: Run CheckLang Behavior [ RunTime:0.003066s ]
[ 2013-05-23T23:57:11+08:00 ] /rustcms/ | INFO: Tag[ app_begin ] --END-- [ RunTime:0.005728s ]
[ 2013-05-23T23:57:11+08:00 ] /rustcms/ | INFO: Tag[ view_template ] --START--
[ 2013-05-23T23:57:11+08:00 ] /rustcms/ | NOTIC: [8] Undefined index: class ThinkException.class.php 第 79 行.
[ 2013-05-23T23:57:11+08:00 ] /rustcms/ | NOTIC: [8] Undefined index: type ThinkException.class.php 第 79 行.
[ 2013-05-23T23:57:11+08:00 ] /rustcms/ | NOTIC: [8] Undefined index: class ThinkException.class.php 第 79 行.
[ 2013-05-23T23:57:11+08:00 ] /rustcms/ | NOTIC: [8] Undefined index: type ThinkException.class.php 第 79 行.
[ 2013-05-23T23:57:11+08:00 ] /rustcms/ | NOTIC: [8] Undefined index: file ThinkException.class.php 第 78 行.
[ 2013-05-23T23:57:11+08:00 ] /rustcms/ | NOTIC: [8] Undefined index: line ThinkException.class.php 第 78 行.
[ 2013-05-23T23:57:11+08:00 ] /rustcms/ | NOTIC: [8] Undefined index: class ThinkException.class.php 第 79 行.
[ 2013-05-23T23:57:11+08:00 ] /rustcms/ | NOTIC: [8] Undefined index: type ThinkException.class.php 第 79 行.
[ 2013-05-23T23:57:11+08:00 ] /rustcms/ | NOTIC: [8] Array to string conversion ThinkException.class.php 第 80 行.
[ 2013-05-23T23:57:11+08:00 ] /rustcms/ | NOTIC: [8] Undefined index: class ThinkException.class.php 第 79 行.
[ 2013-05-23T23:57:11+08:00 ] /rustcms/ | NOTIC: [8] Undefined index: type ThinkException.class.php 第 79 行.
[ 2013-05-23T23:57:11+08:00 ] /rustcms/ | NOTIC: [8] Undefined index: class ThinkException.class.php 第 79 行.
[ 2013-05-23T23:57:11+08:00 ] /rustcms/ | NOTIC: [8] Undefined index: type ThinkException.class.php 第 79 行.
[ 2013-05-23T23:57:15+08:00 ] /rustcms/ | ERR: (ThinkException) 模板不存在[F:\wamp\www\rustcms/rustcms/Modules/Contents/Index/index.html]
[ 2013-05-23T23:57:14+08:00 ] /rustcms/ | INFO: Tag[ app_begin ] --START--
[ 2013-05-23T23:57:14+08:00 ] /rustcms/ | INFO: Run ReadHtmlCache Behavior [ RunTime:0.001887s ]
[ 2013-05-23T23:57:15+08:00 ] /rustcms/ | INFO: Run CheckLang Behavior [ RunTime:0.003209s ]
[ 2013-05-23T23:57:15+08:00 ] /rustcms/ | INFO: Tag[ app_begin ] --END-- [ RunTime:0.005663s ]
[ 2013-05-23T23:57:15+08:00 ] /rustcms/ | INFO: Tag[ view_template ] --START--
[ 2013-05-23T23:57:15+08:00 ] /rustcms/ | NOTIC: [8] Undefined index: class ThinkException.class.php 第 79 行.
[ 2013-05-23T23:57:15+08:00 ] /rustcms/ | NOTIC: [8] Undefined index: type ThinkException.class.php 第 79 行.
[ 2013-05-23T23:57:15+08:00 ] /rustcms/ | NOTIC: [8] Undefined index: class ThinkException.class.php 第 79 行.
[ 2013-05-23T23:57:15+08:00 ] /rustcms/ | NOTIC: [8] Undefined index: type ThinkException.class.php 第 79 行.
[ 2013-05-23T23:57:15+08:00 ] /rustcms/ | NOTIC: [8] Undefined index: file ThinkException.class.php 第 78 行.
[ 2013-05-23T23:57:15+08:00 ] /rustcms/ | NOTIC: [8] Undefined index: line ThinkException.class.php 第 78 行.
[ 2013-05-23T23:57:15+08:00 ] /rustcms/ | NOTIC: [8] Undefined index: class ThinkException.class.php 第 79 行.
[ 2013-05-23T23:57:15+08:00 ] /rustcms/ | NOTIC: [8] Undefined index: type ThinkException.class.php 第 79 行.
[ 2013-05-23T23:57:15+08:00 ] /rustcms/ | NOTIC: [8] Array to string conversion ThinkException.class.php 第 80 行.
[ 2013-05-23T23:57:15+08:00 ] /rustcms/ | NOTIC: [8] Undefined index: class ThinkException.class.php 第 79 行.
[ 2013-05-23T23:57:15+08:00 ] /rustcms/ | NOTIC: [8] Undefined index: type ThinkException.class.php 第 79 行.
[ 2013-05-23T23:57:15+08:00 ] /rustcms/ | NOTIC: [8] Undefined index: class ThinkException.class.php 第 79 行.
[ 2013-05-23T23:57:15+08:00 ] /rustcms/ | NOTIC: [8] Undefined index: type ThinkException.class.php 第 79 行.
[ 2013-05-23T23:57:15+08:00 ] /rustcms/ | ERR: (ThinkException) 模板不存在[F:\wamp\www\rustcms/rustcms/Modules/Contents/Index/index.html]
[ 2013-05-23T23:57:15+08:00 ] /rustcms/ | INFO: Tag[ app_begin ] --START--
[ 2013-05-23T23:57:15+08:00 ] /rustcms/ | INFO: Run ReadHtmlCache Behavior [ RunTime:0.002232s ]
[ 2013-05-23T23:57:15+08:00 ] /rustcms/ | INFO: Run CheckLang Behavior [ RunTime:0.003068s ]
[ 2013-05-23T23:57:15+08:00 ] /rustcms/ | INFO: Tag[ app_begin ] --END-- [ RunTime:0.005910s ]
[ 2013-05-23T23:57:15+08:00 ] /rustcms/ | INFO: Tag[ view_template ] --START--
[ 2013-05-23T23:57:15+08:00 ] /rustcms/ | NOTIC: [8] Undefined index: class ThinkException.class.php 第 79 行.
[ 2013-05-23T23:57:15+08:00 ] /rustcms/ | NOTIC: [8] Undefined index: type ThinkException.class.php 第 79 行.
[ 2013-05-23T23:57:15+08:00 ] /rustcms/ | NOTIC: [8] Undefined index: class ThinkException.class.php 第 79 行.
[ 2013-05-23T23:57:15+08:00 ] /rustcms/ | NOTIC: [8] Undefined index: type ThinkException.class.php 第 79 行.
[ 2013-05-23T23:57:15+08:00 ] /rustcms/ | NOTIC: [8] Undefined index: file ThinkException.class.php 第 78 行.
[ 2013-05-23T23:57:15+08:00 ] /rustcms/ | NOTIC: [8] Undefined index: line ThinkException.class.php 第 78 行.
[ 2013-05-23T23:57:15+08:00 ] /rustcms/ | NOTIC: [8] Undefined index: class ThinkException.class.php 第 79 行.
[ 2013-05-23T23:57:15+08:00 ] /rustcms/ | NOTIC: [8] Undefined index: type ThinkException.class.php 第 79 行.
[ 2013-05-23T23:57:15+08:00 ] /rustcms/ | NOTIC: [8] Array to string conversion ThinkException.class.php 第 80 行.
[ 2013-05-23T23:57:15+08:00 ] /rustcms/ | NOTIC: [8] Undefined index: class ThinkException.class.php 第 79 行.
[ 2013-05-23T23:57:15+08:00 ] /rustcms/ | NOTIC: [8] Undefined index: type ThinkException.class.php 第 79 行.
[ 2013-05-23T23:57:15+08:00 ] /rustcms/ | NOTIC: [8] Undefined index: class ThinkException.class.php 第 79 行.
[ 2013-05-23T23:57:15+08:00 ] /rustcms/ | NOTIC: [8] Undefined index: type ThinkException.class.php 第 79 行.
[ 2013-05-23T23:57:15+08:00 ] /rustcms/ | ERR: (ThinkException) 模板不存在[F:\wamp\www\rustcms/rustcms/Modules/Contents/Index/index.html]
[ 2013-05-23T23:57:15+08:00 ] /rustcms/ | INFO: Tag[ app_begin ] --START--
[ 2013-05-23T23:57:15+08:00 ] /rustcms/ | INFO: Run ReadHtmlCache Behavior [ RunTime:0.002389s ]
[ 2013-05-23T23:57:15+08:00 ] /rustcms/ | INFO: Run CheckLang Behavior [ RunTime:0.003065s ]
[ 2013-05-23T23:57:15+08:00 ] /rustcms/ | INFO: Tag[ app_begin ] --END-- [ RunTime:0.005941s ]
[ 2013-05-23T23:57:15+08:00 ] /rustcms/ | INFO: Tag[ view_template ] --START--
[ 2013-05-23T23:57:15+08:00 ] /rustcms/ | NOTIC: [8] Undefined index: class ThinkException.class.php 第 79 行.
[ 2013-05-23T23:57:15+08:00 ] /rustcms/ | NOTIC: [8] Undefined index: type ThinkException.class.php 第 79 行.
[ 2013-05-23T23:57:15+08:00 ] /rustcms/ | NOTIC: [8] Undefined index: class ThinkException.class.php 第 79 行.
[ 2013-05-23T23:57:15+08:00 ] /rustcms/ | NOTIC: [8] Undefined index: type ThinkException.class.php 第 79 行.
[ 2013-05-23T23:57:15+08:00 ] /rustcms/ | NOTIC: [8] Undefined index: file ThinkException.class.php 第 78 行.
[ 2013-05-23T23:57:15+08:00 ] /rustcms/ | NOTIC: [8] Undefined index: line ThinkException.class.php 第 78 行.
[ 2013-05-23T23:57:15+08:00 ] /rustcms/ | NOTIC: [8] Undefined index: class ThinkException.class.php 第 79 行.
[ 2013-05-23T23:57:15+08:00 ] /rustcms/ | NOTIC: [8] Undefined index: type ThinkException.class.php 第 79 行.
[ 2013-05-23T23:57:15+08:00 ] /rustcms/ | NOTIC: [8] Array to string conversion ThinkException.class.php 第 80 行.
[ 2013-05-23T23:57:15+08:00 ] /rustcms/ | NOTIC: [8] Undefined index: class ThinkException.class.php 第 79 行.
[ 2013-05-23T23:57:15+08:00 ] /rustcms/ | NOTIC: [8] Undefined index: type ThinkException.class.php 第 79 行.
[ 2013-05-23T23:57:15+08:00 ] /rustcms/ | NOTIC: [8] Undefined index: class ThinkException.class.php 第 79 行.
[ 2013-05-23T23:57:15+08:00 ] /rustcms/ | NOTIC: [8] Undefined index: type ThinkException.class.php 第 79 行.
[ 2013-05-23T23:59:00+08:00 ] /rustcms/ | ERR: (ThinkException) 模板不存在[F:\wamp\www\rustcms/rustcms/Modules/Contents/Tpl/Index/index.html]
[ 2013-05-23T23:59:00+08:00 ] /rustcms/ | INFO: Tag[ app_begin ] --START--
[ 2013-05-23T23:59:00+08:00 ] /rustcms/ | INFO: Run ReadHtmlCache Behavior [ RunTime:0.002927s ]
[ 2013-05-23T23:59:00+08:00 ] /rustcms/ | INFO: Run CheckLang Behavior [ RunTime:0.003964s ]
[ 2013-05-23T23:59:00+08:00 ] /rustcms/ | INFO: Tag[ app_begin ] --END-- [ RunTime:0.007389s ]
[ 2013-05-23T23:59:00+08:00 ] /rustcms/ | INFO: Tag[ view_template ] --START--
[ 2013-05-23T23:59:00+08:00 ] /rustcms/ | NOTIC: [8] Undefined index: class ThinkException.class.php 第 79 行.
[ 2013-05-23T23:59:00+08:00 ] /rustcms/ | NOTIC: [8] Undefined index: type ThinkException.class.php 第 79 行.
[ 2013-05-23T23:59:00+08:00 ] /rustcms/ | NOTIC: [8] Undefined index: class ThinkException.class.php 第 79 行.
[ 2013-05-23T23:59:00+08:00 ] /rustcms/ | NOTIC: [8] Undefined index: type ThinkException.class.php 第 79 行.
[ 2013-05-23T23:59:00+08:00 ] /rustcms/ | NOTIC: [8] Undefined index: file ThinkException.class.php 第 78 行.
[ 2013-05-23T23:59:00+08:00 ] /rustcms/ | NOTIC: [8] Undefined index: line ThinkException.class.php 第 78 行.
[ 2013-05-23T23:59:00+08:00 ] /rustcms/ | NOTIC: [8] Undefined index: class ThinkException.class.php 第 79 行.
[ 2013-05-23T23:59:00+08:00 ] /rustcms/ | NOTIC: [8] Undefined index: type ThinkException.class.php 第 79 行.
[ 2013-05-23T23:59:00+08:00 ] /rustcms/ | NOTIC: [8] Array to string conversion ThinkException.class.php 第 80 行.
[ 2013-05-23T23:59:00+08:00 ] /rustcms/ | NOTIC: [8] Undefined index: class ThinkException.class.php 第 79 行.
[ 2013-05-23T23:59:00+08:00 ] /rustcms/ | NOTIC: [8] Undefined index: type ThinkException.class.php 第 79 行.
[ 2013-05-23T23:59:00+08:00 ] /rustcms/ | NOTIC: [8] Undefined index: class ThinkException.class.php 第 79 行.
[ 2013-05-23T23:59:00+08:00 ] /rustcms/ | NOTIC: [8] Undefined index: type ThinkException.class.php 第 79 行.
